<?xml version="1.0" encoding="UTF-8"?>
<!-- Generated by org.testng.reporters.JUnitReportReporter -->
<testsuite skipped="0" hostname="user" name="com.files.HelloWorld" tests="1" failures="0" timestamp="20 Oct 2019 08:23:38 GMT" time="0.015" errors="0">
  <testcase name="main" time="0.015" classname="com.files.HelloWorld"/>
</testsuite> <!-- com.files.HelloWorld -->
